[    16.231] (WW) Failed to open protocol names file lib/xorg/protocol.txt
[    16.232] 
X.Org X Server 1.20.8
X Protocol Version 11, Revision 0
[    16.232] Build Operating System: Linux Artix Linux
[    16.232] Current Operating System: Linux book 5.7.6-zen1-1-zen #1 ZEN SMP PREEMPT Thu, 25 Jun 2020 15:16:34 +0000 x86_64
[    16.232] Kernel command line: BOOT_IMAGE=/vmlinuz-linux-zen root=UUID=28a682e9-067a-452c-9ada-0eaf65b16875 rw loglevel=3 quiet acpi_rev_override=1
[    16.233] Build Date: 05 May 2020  11:15:38AM
[    16.233]  
[    16.233] Current version of pixman: 0.40.0
[    16.233] 	Before reporting problems, check http://wiki.x.org
	to make sure that you have the latest version.
[    16.233] Markers: (--) probed, (**) from config file, (==) default setting,
	(++) from command line, (!!) notice, (II) informational,
	(WW) warning, (EE) error, (NI) not implemented, (??) unknown.
[    16.234] (==) Log file: "/home/jacob/.local/share/xorg/Xorg.0.log", Time: Sat Jun 27 21:51:00 2020
[    16.236] (==) Using config directory: "/etc/X11/xorg.conf.d"
[    16.236] (==) Using system config directory "/usr/share/X11/xorg.conf.d"
[    16.236] (==) No Layout section.  Using the first Screen section.
[    16.236] (==) No screen section available. Using defaults.
[    16.236] (**) |-->Screen "Default Screen Section" (0)
[    16.236] (**) |   |-->Monitor "<default monitor>"
[    16.237] (==) No monitor specified for screen "Default Screen Section".
	Using a default monitor configuration.
[    16.237] (==) Automatically adding devices
[    16.237] (==) Automatically enabling devices
[    16.237] (==) Automatically adding GPU devices
[    16.237] (==) Automatically binding GPU devices
[    16.237] (==) Max clients allowed: 256, resource mask: 0x1fffff
[    16.237] (WW) The directory "/usr/share/fonts/misc" does not exist.
[    16.237] 	Entry deleted from font path.
[    16.238] (WW) The directory "/usr/share/fonts/Type1" does not exist.
[    16.238] 	Entry deleted from font path.
[    16.238] (WW) The directory "/usr/share/fonts/100dpi" does not exist.
[    16.238] 	Entry deleted from font path.
[    16.238] (WW) The directory "/usr/share/fonts/75dpi" does not exist.
[    16.238] 	Entry deleted from font path.
[    16.238] (==) FontPath set to:
	/usr/share/fonts/TTF,
	/usr/share/fonts/OTF
[    16.238] (==) ModulePath set to "/usr/lib/xorg/modules"
[    16.238] (II) The server relies on udev to provide the list of input devices.
	If no devices become available, reconfigure udev or disable AutoAddDevices.
[    16.238] (II) Module ABI versions:
[    16.238] 	X.Org ANSI C Emulation: 0.4
[    16.238] 	X.Org Video Driver: 24.1
[    16.238] 	X.Org XInput driver : 24.1
[    16.238] 	X.Org Server Extension : 10.0
[    16.239] (++) using VT number 1

[    16.240] (II) systemd-logind: took control of session /org/freedesktop/login1/session/_31
[    16.240] (II) xfree86: Adding drm device (/dev/dri/card0)
[    16.241] (II) systemd-logind: got fd for /dev/dri/card0 226:0 fd 10 paused 0
[    16.244] (--) PCI:*(0@0:2:0) 8086:591b:1028:07be rev 4, Mem @ 0xeb000000/16777216, 0x80000000/268435456, I/O @ 0x0000f000/64, BIOS @ 0x????????/131072
[    16.244] (--) PCI: (1@0:0:0) 10de:1c8d:1028:07be rev 161, Mem @ 0xec000000/16777216, 0xc0000000/268435456, 0xd0000000/33554432, I/O @ 0x0000e000/128, BIOS @ 0x????????/524288
[    16.244] (WW) Open ACPI failed (/var/run/acpid.socket) (No such file or directory)
[    16.244] (II) LoadModule: "glx"
[    16.245] (II) Loading /usr/lib/xorg/modules/extensions/libglx.so
[    16.249] (II) Module glx: vendor="X.Org Foundation"
[    16.249] 	compiled for 1.20.8, module version = 1.0.0
[    16.249] 	ABI class: X.Org Server Extension, version 10.0
[    16.249] (==) Matched intel as autoconfigured driver 0
[    16.249] (==) Matched modesetting as autoconfigured driver 1
[    16.249] (==) Matched fbdev as autoconfigured driver 2
[    16.249] (==) Matched vesa as autoconfigured driver 3
[    16.249] (==) Assigned the driver to the xf86ConfigLayout
[    16.249] (II) LoadModule: "intel"
[    16.249] (WW) Warning, couldn't open module intel
[    16.249] (EE) Failed to load module "intel" (module does not exist, 0)
[    16.249] (II) LoadModule: "modesetting"
[    16.250] (II) Loading /usr/lib/xorg/modules/drivers/modesetting_drv.so
[    16.251] (II) Module modesetting: vendor="X.Org Foundation"
[    16.251] 	compiled for 1.20.8, module version = 1.20.8
[    16.251] 	Module class: X.Org Video Driver
[    16.251] 	ABI class: X.Org Video Driver, version 24.1
[    16.251] (II) LoadModule: "fbdev"
[    16.251] (WW) Warning, couldn't open module fbdev
[    16.251] (EE) Failed to load module "fbdev" (module does not exist, 0)
[    16.251] (II) LoadModule: "vesa"
[    16.251] (WW) Warning, couldn't open module vesa
[    16.251] (EE) Failed to load module "vesa" (module does not exist, 0)
[    16.251] (II) modesetting: Driver for Modesetting Kernel Drivers: kms
[    16.251] (II) modeset(0): using drv /dev/dri/card0
[    16.251] (WW) VGA arbiter: cannot open kernel arbiter, no multi-card support
[    16.251] (II) modeset(0): Creating default Display subsection in Screen section
	"Default Screen Section" for depth/fbbpp 24/32
[    16.251] (==) modeset(0): Depth 24, (==) framebuffer bpp 32
[    16.252] (==) modeset(0): RGB weight 888
[    16.252] (==) modeset(0): Default visual is TrueColor
[    16.252] (II) Loading sub module "glamoregl"
[    16.252] (II) LoadModule: "glamoregl"
[    16.252] (II) Loading /usr/lib/xorg/modules/libglamoregl.so
[    16.257] (II) Module glamoregl: vendor="X.Org Foundation"
[    16.257] 	compiled for 1.20.8, module version = 1.0.1
[    16.257] 	ABI class: X.Org ANSI C Emulation, version 0.4
[    16.407] (II) modeset(0): glamor X acceleration enabled on Mesa Intel(R) HD Graphics 630 (KBL GT2)
[    16.407] (II) modeset(0): glamor initialized
[    16.409] (II) modeset(0): Output eDP-1 has no monitor section
[    16.409] (II) modeset(0): Output DP-1 has no monitor section
[    16.412] (II) modeset(0): Output HDMI-1 has no monitor section
[    16.412] (II) modeset(0): Output DP-2 has no monitor section
[    16.416] (II) modeset(0): Output HDMI-2 has no monitor section
[    16.417] (II) modeset(0): EDID for output eDP-1
[    16.417] (II) modeset(0): Manufacturer: SHP  Model: 1476  Serial#: 0
[    16.417] (II) modeset(0): Year: 2016  Week: 49
[    16.417] (II) modeset(0): EDID Version: 1.4
[    16.417] (II) modeset(0): Digital Display Input
[    16.417] (II) modeset(0): 8 bits per channel
[    16.417] (II) modeset(0): Digital interface is DisplayPort
[    16.417] (II) modeset(0): Max Image Size [cm]: horiz.: 35  vert.: 19
[    16.417] (II) modeset(0): Gamma: 2.20
[    16.417] (II) modeset(0): No DPMS capabilities specified
[    16.417] (II) modeset(0): Supported color encodings: RGB 4:4:4 YCrCb 4:4:4 
[    16.417] (II) modeset(0): Default color space is primary color space
[    16.417] (II) modeset(0): First detailed timing is preferred mode
[    16.417] (II) modeset(0): Preferred mode is native pixel format and refresh rate
[    16.417] (II) modeset(0): redX: 0.652 redY: 0.331   greenX: 0.209 greenY: 0.731
[    16.417] (II) modeset(0): blueX: 0.148 blueY: 0.048   whiteX: 0.301 whiteY: 0.348
[    16.417] (II) modeset(0): Manufacturer's mask: 0
[    16.417] (II) modeset(0): Supported detailed timing:
[    16.417] (II) modeset(0): clock: 533.2 MHz   Image Size:  346 x 194 mm
[    16.417] (II) modeset(0): h_active: 3840  h_sync: 3888  h_sync_end 3920 h_blank_end 4000 h_border: 0
[    16.417] (II) modeset(0): v_active: 2160  v_sync: 2163  v_sync_end 2168 v_blanking: 2222 v_border: 0
[    16.418] (II) modeset(0):  Y2XND€LQ156D1
[    16.418] (II) modeset(0): Unknown vendor-specific block 0
[    16.418] (II) modeset(0): EDID (in hex):
[    16.418] (II) modeset(0): 	00ffffffffffff004d10761400000000
[    16.418] (II) modeset(0): 	311a0104a52313780e3910a75435bb26
[    16.418] (II) modeset(0): 	0c4d5900000001010101010101010101
[    16.418] (II) modeset(0): 	0101010101014dd000a0f0703e803020
[    16.418] (II) modeset(0): 	35005ac2100000180000000000000000
[    16.418] (II) modeset(0): 	00000000000000000000000000fe0059
[    16.418] (II) modeset(0): 	32584e44804c51313536443100000000
[    16.418] (II) modeset(0): 	0002410328001200000b010a20200037
[    16.418] (II) modeset(0): Printing probed modes for output eDP-1
[    16.418] (II) modeset(0): Modeline "3840x2160"x60.0  533.25  3840 3888 3920 4000  2160 2163 2168 2222 -hsync -vsync (133.3 kHz eP)
[    16.418] (II) modeset(0): Modeline "3840x2160"x60.0  712.75  3840 4160 4576 5312  2160 2163 2168 2237 -hsync +vsync (134.2 kHz d)
[    16.418] (II) modeset(0): Modeline "3840x2160"x60.0  533.00  3840 3888 3920 4000  2160 2163 2168 2222 +hsync -vsync (133.2 kHz d)
[    16.418] (II) modeset(0): Modeline "3200x1800"x60.0  492.00  3200 3456 3800 4400  1800 1803 1808 1865 -hsync +vsync (111.8 kHz d)
[    16.418] (II) modeset(0): Modeline "3200x1800"x59.9  373.00  3200 3248 3280 3360  1800 1803 1808 1852 +hsync -vsync (111.0 kHz d)
[    16.418] (II) modeset(0): Modeline "2880x1620"x60.0  396.25  2880 3096 3408 3936  1620 1623 1628 1679 -hsync +vsync (100.7 kHz d)
[    16.418] (II) modeset(0): Modeline "2880x1620"x60.0  303.75  2880 2928 2960 3040  1620 1623 1628 1666 +hsync -vsync (99.9 kHz d)
[    16.418] (II) modeset(0): Modeline "2560x1600"x60.0  348.50  2560 2760 3032 3504  1600 1603 1609 1658 -hsync +vsync (99.5 kHz d)
[    16.418] (II) modeset(0): Modeline "2560x1600"x60.0  268.50  2560 2608 2640 2720  1600 1603 1609 1646 +hsync -vsync (98.7 kHz d)
[    16.418] (II) modeset(0): Modeline "2560x1440"x120.0  638.25  2560 2780 3064 3568  1440 1441 1444 1491 doublescan -hsync +vsync (178.9 kHz d)
[    16.418] (II) modeset(0): Modeline "2560x1440"x120.0  469.12  2560 2584 2600 2640  1440 1441 1444 1481 doublescan +hsync -vsync (177.7 kHz d)
[    16.418] (II) modeset(0): Modeline "2560x1440"x60.0  312.25  2560 2752 3024 3488  1440 1443 1448 1493 -hsync +vsync (89.5 kHz d)
[    16.418] (II) modeset(0): Modeline "2560x1440"x60.0  241.50  2560 2608 2640 2720  1440 1443 1448 1481 +hsync -vsync (88.8 kHz d)
[    16.418] (II) modeset(0): Modeline "2048x1536"x60.0  266.95  2048 2200 2424 2800  1536 1537 1540 1589 -hsync +vsync (95.3 kHz d)
[    16.418] (II) modeset(0): Modeline "1920x1440"x60.0  234.00  1920 2048 2256 2600  1440 1441 1444 1500 -hsync +vsync (90.0 kHz d)
[    16.418] (II) modeset(0): Modeline "1856x1392"x60.0  218.30  1856 1952 2176 2528  1392 1393 1396 1439 -hsync +vsync (86.4 kHz d)
[    16.418] (II) modeset(0): Modeline "1792x1344"x60.0  204.80  1792 1920 2120 2448  1344 1345 1348 1394 -hsync +vsync (83.7 kHz d)
[    16.418] (II) modeset(0): Modeline "2048x1152"x120.0  406.50  2048 2220 2444 2840  1152 1153 1156 1193 doublescan -hsync +vsync (143.1 kHz d)
[    16.418] (II) modeset(0): Modeline "2048x1152"x120.0  302.50  2048 2072 2088 2128  1152 1153 1156 1185 doublescan +hsync -vsync (142.2 kHz d)
[    16.418] (II) modeset(0): Modeline "2048x1152"x59.9  197.00  2048 2184 2400 2752  1152 1155 1160 1195 -hsync +vsync (71.6 kHz d)
[    16.418] (II) modeset(0): Modeline "2048x1152"x59.9  156.75  2048 2096 2128 2208  1152 1155 1160 1185 +hsync -vsync (71.0 kHz d)
[    16.418] (II) modeset(0): Modeline "1920x1200"x59.9  193.25  1920 2056 2256 2592  1200 1203 1209 1245 -hsync +vsync (74.6 kHz d)
[    16.418] (II) modeset(0): Modeline "1920x1200"x60.0  154.00  1920 1968 2000 2080  1200 1203 1209 1235 +hsync -vsync (74.0 kHz d)
[    16.418] (II) modeset(0): Modeline "1920x1080"x120.0  356.38  1920 2080 2288 2656  1080 1081 1084 1118 doublescan -hsync +vsync (134.2 kHz d)
[    16.418] (II) modeset(0): Modeline "1920x1080"x119.9  266.50  1920 1944 1960 2000  1080 1081 1084 1111 doublescan +hsync -vsync (133.2 kHz d)
[    16.418] (II) modeset(0): Modeline "1920x1080"x60.0  173.00  1920 2048 2248 2576  1080 1083 1088 1120 -hsync +vsync (67.2 kHz d)
[    16.418] (II) modeset(0): Modeline "1920x1080"x59.9  138.50  1920 1968 2000 2080  1080 1083 1088 1111 +hsync -vsync (66.6 kHz d)
[    16.418] (II) modeset(0): Modeline "1600x1200"x60.0  162.00  1600 1664 1856 2160  1200 1201 1204 1250 +hsync +vsync (75.0 kHz d)
[    16.418] (II) modeset(0): Modeline "1680x1050"x60.0  146.25  1680 1784 1960 2240  1050 1053 1059 1089 -hsync +vsync (65.3 kHz d)
[    16.418] (II) modeset(0): Modeline "1680x1050"x59.9  119.00  1680 1728 1760 1840  1050 1053 1059 1080 +hsync -vsync (64.7 kHz d)
[    16.418] (II) modeset(0): Modeline "1400x1050"x60.0  122.00  1400 1488 1640 1880  1050 1052 1064 1082 +hsync +vsync (64.9 kHz d)
[    16.418] (II) modeset(0): Modeline "1600x900"x120.0  246.00  1600 1728 1900 2200  900 901 904 932 doublescan -hsync +vsync (111.8 kHz d)
[    16.418] (II) modeset(0): Modeline "1600x900"x119.9  186.50  1600 1624 1640 1680  900 901 904 926 doublescan +hsync -vsync (111.0 kHz d)
[    16.418] (II) modeset(0): Modeline "1600x900"x59.9  118.25  1600 1696 1856 2112  900 903 908 934 -hsync +vsync (56.0 kHz d)
[    16.418] (II) modeset(0): Modeline "1600x900"x59.8   97.50  1600 1648 1680 1760  900 903 908 926 +hsync -vsync (55.4 kHz d)
[    16.418] (II) modeset(0): Modeline "1280x1024"x60.0  108.00  1280 1328 1440 1688  1024 1025 1028 1066 +hsync +vsync (64.0 kHz d)
[    16.418] (II) modeset(0): Modeline "1400x900"x60.0  103.50  1400 1480 1624 1848  900 903 913 934 -hsync +vsync (56.0 kHz d)
[    16.418] (II) modeset(0): Modeline "1400x900"x59.9   86.50  1400 1448 1480 1560  900 903 913 926 +hsync -vsync (55.4 kHz d)
[    16.418] (II) modeset(0): Modeline "1280x960"x60.0  108.00  1280 1376 1488 1800  960 961 964 1000 +hsync +vsync (60.0 kHz d)
[    16.418] (II) modeset(0): Modeline "1440x810"x120.0  198.12  1440 1548 1704 1968  810 811 814 839 doublescan -hsync +vsync (100.7 kHz d)
[    16.418] (II) modeset(0): Modeline "1440x810"x119.9  151.88  1440 1464 1480 1520  810 811 814 833 doublescan +hsync -vsync (99.9 kHz d)
[    16.418] (II) modeset(0): Modeline "1368x768"x59.9   85.25  1368 1440 1576 1784  768 771 781 798 -hsync +vsync (47.8 kHz d)
[    16.418] (II) modeset(0): Modeline "1368x768"x59.9   72.25  1368 1416 1448 1528  768 771 781 790 +hsync -vsync (47.3 kHz d)
[    16.418] (II) modeset(0): Modeline "1280x800"x120.0  174.25  1280 1380 1516 1752  800 801 804 829 doublescan -hsync +vsync (99.5 kHz d)
[    16.418] (II) modeset(0): Modeline "1280x800"x119.9  134.25  1280 1304 1320 1360  800 801 804 823 doublescan +hsync -vsync (98.7 kHz d)
[    16.418] (II) modeset(0): Modeline "1280x800"x59.8   83.50  1280 1352 1480 1680  800 803 809 831 -hsync +vsync (49.7 kHz d)
[    16.418] (II) modeset(0): Modeline "1280x800"x59.9   71.00  1280 1328 1360 1440  800 803 809 823 +hsync -vsync (49.3 kHz d)
[    16.418] (II) modeset(0): Modeline "1280x720"x120.0  156.12  1280 1376 1512 1744  720 721 724 746 doublescan -hsync +vsync (89.5 kHz d)
[    16.418] (II) modeset(0): Modeline "1280x720"x120.0  120.75  1280 1304 1320 1360  720 721 724 740 doublescan +hsync -vsync (88.8 kHz d)
[    16.418] (II) modeset(0): Modeline "1280x720"x59.9   74.50  1280 1344 1472 1664  720 723 728 748 -hsync +vsync (44.8 kHz d)
[    16.418] (II) modeset(0): Modeline "1280x720"x59.7   63.75  1280 1328 1360 1440  720 723 728 741 +hsync -vsync (44.3 kHz d)
[    16.418] (II) modeset(0): Modeline "1024x768"x120.1  133.47  1024 1100 1212 1400  768 768 770 794 doublescan -hsync +vsync (95.3 kHz d)
[    16.418] (II) modeset(0): Modeline "1024x768"x60.0   65.00  1024 1048 1184 1344  768 771 777 806 -hsync -vsync (48.4 kHz d)
[    16.418] (II) modeset(0): Modeline "960x720"x120.0  117.00  960 1024 1128 1300  720 720 722 750 doublescan -hsync +vsync (90.0 kHz d)
[    16.418] (II) modeset(0): Modeline "928x696"x120.1  109.15  928 976 1088 1264  696 696 698 719 doublescan -hsync +vsync (86.4 kHz d)
[    16.418] (II) modeset(0): Modeline "896x672"x120.0  102.40  896 960 1060 1224  672 672 674 697 doublescan -hsync +vsync (83.7 kHz d)
[    16.418] (II) modeset(0): Modeline "1024x576"x119.9   98.50  1024 1092 1200 1376  576 577 580 597 doublescan -hsync +vsync (71.6 kHz d)
[    16.418] (II) modeset(0): Modeline "1024x576"x119.9   78.38  1024 1048 1064 1104  576 577 580 592 doublescan +hsync -vsync (71.0 kHz d)
[    16.418] (II) modeset(0): Modeline "1024x576"x59.9   46.50  1024 1064 1160 1296  576 579 584 599 -hsync +vsync (35.9 kHz d)
[    16.418] (II) modeset(0): Modeline "1024x576"x59.8   42.00  1024 1072 1104 1184  576 579 584 593 +hsync -vsync (35.5 kHz d)
[    16.418] (II) modeset(0): Modeline "960x600"x119.9   96.62  960 1028 1128 1296  600 601 604 622 doublescan -hsync +vsync (74.6 kHz d)
[    16.418] (II) modeset(0): Modeline "960x600"x120.0   77.00  960 984 1000 1040  600 601 604 617 doublescan +hsync -vsync (74.0 kHz d)
[    16.418] (II) modeset(0): Modeline "960x540"x119.9   86.50  960 1024 1124 1288  540 541 544 560 doublescan -hsync +vsync (67.2 kHz d)
[    16.418] (II) modeset(0): Modeline "960x540"x120.0   69.25  960 984 1000 1040  540 541 544 555 doublescan +hsync -vsync (66.6 kHz d)
[    16.418] (II) modeset(0): Modeline "960x540"x59.6   40.75  960 992 1088 1216  540 543 548 562 -hsync +vsync (33.5 kHz d)
[    16.418] (II) modeset(0): Modeline "960x540"x59.8   37.25  960 1008 1040 1120  540 543 548 556 +hsync -vsync (33.3 kHz d)
[    16.418] (II) modeset(0): Modeline "800x600"x120.0   81.00  800 832 928 1080  600 600 602 625 doublescan +hsync +vsync (75.0 kHz d)
[    16.418] (II) modeset(0): Modeline "800x600"x60.3   40.00  800 840 968 1056  600 601 605 628 +hsync +vsync (37.9 kHz d)
[    16.418] (II) modeset(0): Modeline "800x600"x56.2   36.00  800 824 896 1024  600 601 603 625 +hsync +vsync (35.2 kHz d)
[    16.418] (II) modeset(0): Modeline "840x525"x120.0   73.12  840 892 980 1120  525 526 529 544 doublescan -hsync +vsync (65.3 kHz d)
[    16.418] (II) modeset(0): Modeline "840x525"x119.8   59.50  840 864 880 920  525 526 529 540 doublescan +hsync -vsync (64.7 kHz d)
[    16.418] (II) modeset(0): Modeline "864x486"x59.9   32.50  864 888 968 1072  486 489 494 506 -hsync +vsync (30.3 kHz d)
[    16.418] (II) modeset(0): Modeline "864x486"x59.6   30.50  864 912 944 1024  486 489 494 500 +hsync -vsync (29.8 kHz d)
[    16.418] (II) modeset(0): Modeline "700x525"x120.0   61.00  700 744 820 940  525 526 532 541 doublescan +hsync +vsync (64.9 kHz d)
[    16.418] (II) modeset(0): Modeline "800x450"x119.9   59.12  800 848 928 1056  450 451 454 467 doublescan -hsync +vsync (56.0 kHz d)
[    16.418] (II) modeset(0): Modeline "800x450"x119.6   48.75  800 824 840 880  450 451 454 463 doublescan +hsync -vsync (55.4 kHz d)
[    16.418] (II) modeset(0): Modeline "640x512"x120.0   54.00  640 664 720 844  512 512 514 533 doublescan +hsync +vsync (64.0 kHz d)
[    16.419] (II) modeset(0): Modeline "700x450"x119.9   51.75  700 740 812 924  450 451 456 467 doublescan -hsync +vsync (56.0 kHz d)
[    16.419] (II) modeset(0): Modeline "700x450"x119.8   43.25  700 724 740 780  450 451 456 463 doublescan +hsync -vsync (55.4 kHz d)
[    16.419] (II) modeset(0): Modeline "640x480"x120.0   54.00  640 688 744 900  480 480 482 500 doublescan +hsync +vsync (60.0 kHz d)
[    16.419] (II) modeset(0): Modeline "640x480"x59.9   25.18  640 656 752 800  480 490 492 525 -hsync -vsync (31.5 kHz d)
[    16.419] (II) modeset(0): Modeline "720x405"x59.5   22.50  720 744 808 896  405 408 413 422 -hsync +vsync (25.1 kHz d)
[    16.419] (II) modeset(0): Modeline "720x405"x59.0   21.75  720 768 800 880  405 408 413 419 +hsync -vsync (24.7 kHz d)
[    16.419] (II) modeset(0): Modeline "684x384"x119.8   42.62  684 720 788 892  384 385 390 399 doublescan -hsync +vsync (47.8 kHz d)
[    16.419] (II) modeset(0): Modeline "684x384"x119.7   36.12  684 708 724 764  384 385 390 395 doublescan +hsync -vsync (47.3 kHz d)
[    16.419] (II) modeset(0): Modeline "640x400"x119.8   41.75  640 676 740 840  400 401 404 415 doublescan -hsync +vsync (49.7 kHz d)
[    16.419] (II) modeset(0): Modeline "640x400"x120.0   35.50  640 664 680 720  400 401 404 411 doublescan +hsync -vsync (49.3 kHz d)
[    16.419] (II) modeset(0): Modeline "640x360"x119.7   37.25  640 672 736 832  360 361 364 374 doublescan -hsync +vsync (44.8 kHz d)
[    16.419] (II) modeset(0): Modeline "640x360"x119.7   31.88  640 664 680 720  360 361 364 370 doublescan +hsync -vsync (44.3 kHz d)
[    16.419] (II) modeset(0): Modeline "640x360"x59.8   18.00  640 664 720 800  360 363 368 376 -hsync +vsync (22.5 kHz d)
[    16.419] (II) modeset(0): Modeline "640x360"x59.3   17.75  640 688 720 800  360 363 368 374 +hsync -vsync (22.2 kHz d)
[    16.419] (II) modeset(0): Modeline "512x384"x120.0   32.50  512 524 592 672  384 385 388 403 doublescan -hsync -vsync (48.4 kHz d)
[    16.419] (II) modeset(0): Modeline "512x288"x120.0   23.25  512 532 580 648  288 289 292 299 doublescan -hsync +vsync (35.9 kHz d)
[    16.419] (II) modeset(0): Modeline "512x288"x119.8   21.00  512 536 552 592  288 289 292 296 doublescan +hsync -vsync (35.5 kHz d)
[    16.419] (II) modeset(0): Modeline "480x270"x119.3   20.38  480 496 544 608  270 271 274 281 doublescan -hsync +vsync (33.5 kHz d)
[    16.419] (II) modeset(0): Modeline "480x270"x119.6   18.62  480 504 520 560  270 271 274 278 doublescan +hsync -vsync (33.3 kHz d)
[    16.419] (II) modeset(0): Modeline "400x300"x120.6   20.00  400 420 484 528  300 300 302 314 doublescan +hsync +vsync (37.9 kHz d)
[    16.419] (II) modeset(0): Modeline "400x300"x112.7   18.00  400 412 448 512  300 300 301 312 doublescan +hsync +vsync (35.2 kHz d)
[    16.419] (II) modeset(0): Modeline "432x243"x119.8   16.25  432 444 484 536  243 244 247 253 doublescan -hsync +vsync (30.3 kHz d)
[    16.419] (II) modeset(0): Modeline "432x243"x119.1   15.25  432 456 472 512  243 244 247 250 doublescan +hsync -vsync (29.8 kHz d)
[    16.419] (II) modeset(0): Modeline "320x240"x120.1   12.59  320 328 376 400  240 245 246 262 doublescan -hsync -vsync (31.5 kHz d)
[    16.419] (II) modeset(0): Modeline "360x202"x119.0   11.25  360 372 404 448  202 204 206 211 doublescan -hsync +vsync (25.1 kHz d)
[    16.419] (II) modeset(0): Modeline "360x202"x118.3   10.88  360 384 400 440  202 204 206 209 doublescan +hsync -vsync (24.7 kHz d)
[    16.419] (II) modeset(0): Modeline "320x180"x119.7    9.00  320 332 360 400  180 181 184 188 doublescan -hsync +vsync (22.5 kHz d)
[    16.419] (II) modeset(0): Modeline "320x180"x118.6    8.88  320 344 360 400  180 181 184 187 doublescan +hsync -vsync (22.2 kHz d)
[    16.419] (II) modeset(0): EDID for output DP-1
[    16.422] (II) modeset(0): EDID for output HDMI-1
[    16.422] (II) modeset(0): EDID for output DP-2
[    16.426] (II) modeset(0): EDID for output HDMI-2
[    16.426] (II) modeset(0): Output eDP-1 connected
[    16.426] (II) modeset(0): Output DP-1 disconnected
[    16.426] (II) modeset(0): Output HDMI-1 disconnected
[    16.426] (II) modeset(0): Output DP-2 disconnected
[    16.426] (II) modeset(0): Output HDMI-2 disconnected
[    16.426] (II) modeset(0): Using exact sizes for initial modes
[    16.426] (II) modeset(0): Output eDP-1 using initial mode 3840x2160 +0+0
[    16.426] (==) modeset(0): Using gamma correction (1.0, 1.0, 1.0)
[    16.426] (==) modeset(0): DPI set to (96, 96)
[    16.426] (II) Loading sub module "fb"
[    16.426] (II) LoadModule: "fb"
[    16.426] (II) Loading /usr/lib/xorg/modules/libfb.so
[    16.427] (II) Module fb: vendor="X.Org Foundation"
[    16.427] 	compiled for 1.20.8, module version = 1.0.0
[    16.427] 	ABI class: X.Org ANSI C Emulation, version 0.4
[    16.439] (==) modeset(0): Backing store enabled
[    16.439] (==) modeset(0): Silken mouse disabled
[    16.530] (II) modeset(0): Initializing kms color map for depth 24, 8 bpc.
[    16.530] (==) modeset(0): DPMS enabled
[    16.530] (II) modeset(0): [DRI2] Setup complete
[    16.530] (II) modeset(0): [DRI2]   DRI driver: iris
[    16.530] (II) modeset(0): [DRI2]   VDPAU driver: va_gl
[    16.530] (II) Initializing extension Generic Event Extension
[    16.530] (II) Initializing extension SHAPE
[    16.530] (II) Initializing extension MIT-SHM
[    16.530] (II) Initializing extension XInputExtension
[    16.530] (II) Initializing extension XTEST
[    16.530] (II) Initializing extension BIG-REQUESTS
[    16.530] (II) Initializing extension SYNC
[    16.530] (II) Initializing extension XKEYBOARD
[    16.530] (II) Initializing extension XC-MISC
[    16.530] (II) Initializing extension SECURITY
[    16.530] (II) Initializing extension XFIXES
[    16.530] (II) Initializing extension RENDER
[    16.530] (II) Initializing extension RANDR
[    16.530] (II) Initializing extension COMPOSITE
[    16.530] (II) Initializing extension DAMAGE
[    16.530] (II) Initializing extension MIT-SCREEN-SAVER
[    16.530] (II) Initializing extension DOUBLE-BUFFER
[    16.530] (II) Initializing extension RECORD
[    16.530] (II) Initializing extension DPMS
[    16.530] (II) Initializing extension Present
[    16.530] (II) Initializing extension DRI3
[    16.530] (II) Initializing extension X-Resource
[    16.530] (II) Initializing extension XVideo
[    16.530] (II) Initializing extension XVideo-MotionCompensation
[    16.530] (II) Initializing extension GLX
[    16.551] (II) AIGLX: Loaded and initialized iris
[    16.551] (II) GLX: Initialized DRI2 GL provider for screen 0
[    16.551] (II) Initializing extension XFree86-VidModeExtension
[    16.551] (II) Initializing extension XFree86-DGA
[    16.551] (II) Initializing extension XFree86-DRI
[    16.551] (II) Initializing extension DRI2
[    16.556] (II) modeset(0): Damage tracking initialized
[    16.556] (II) modeset(0): Setting screen physical size to 1016 x 571
[    16.594] (II) config/udev: Adding input device Power Button (/dev/input/event3)
[    16.594] (**) Power Button: Applying InputClass "libinput keyboard catchall"
[    16.594] (II) LoadModule: "libinput"
[    16.594] (II) Loading /usr/lib/xorg/modules/input/libinput_drv.so
[    16.596] (II) Module libinput: vendor="X.Org Foundation"
[    16.596] 	compiled for 1.20.8, module version = 0.30.0
[    16.596] 	Module class: X.Org XInput Driver
[    16.596] 	ABI class: X.Org XInput driver, version 24.1
[    16.596] (II) Using input driver 'libinput' for 'Power Button'
[    16.597] (II) systemd-logind: got fd for /dev/input/event3 13:67 fd 19 paused 0
[    16.597] (**) Power Button: always reports core events
[    16.597] (**) Option "Device" "/dev/input/event3"
[    16.597] (**) Option "_source" "server/udev"
[    16.600] (II) event3  - Power Button: is tagged by udev as: Keyboard
[    16.600] (II) event3  - Power Button: device is a keyboard
[    16.600] (II) event3  - Power Button: device removed
[    16.600] (**) Option "config_info" "udev:/sys/devices/LNXSYSTM:00/LNXPWRBN:00/input/input3/event3"
[    16.600] (II) XINPUT: Adding extended input device "Power Button" (type: KEYBOARD, id 6)
[    16.601] (II) event3  - Power Button: is tagged by udev as: Keyboard
[    16.601] (II) event3  - Power Button: device is a keyboard
[    16.601] (II) config/udev: Adding input device Video Bus (/dev/input/event12)
[    16.601] (**) Video Bus: Applying InputClass "libinput keyboard catchall"
[    16.601] (II) Using input driver 'libinput' for 'Video Bus'
[    16.602] (II) systemd-logind: got fd for /dev/input/event12 13:76 fd 22 paused 0
[    16.602] (**) Video Bus: always reports core events
[    16.602] (**) Option "Device" "/dev/input/event12"
[    16.602] (**) Option "_source" "server/udev"
[    16.602] (II) event12 - Video Bus: is tagged by udev as: Keyboard
[    16.602] (II) event12 - Video Bus: device is a keyboard
[    16.602] (II) event12 - Video Bus: device removed
[    16.602] (**) Option "config_info" "udev:/sys/devices/LNXSYSTM:00/LNXSYBUS:00/PNP0A08:00/LNXVIDEO:00/input/input18/event12"
[    16.602] (II) XINPUT: Adding extended input device "Video Bus" (type: KEYBOARD, id 7)
[    16.603] (II) event12 - Video Bus: is tagged by udev as: Keyboard
[    16.603] (II) event12 - Video Bus: device is a keyboard
[    16.603] (II) config/udev: Adding input device Video Bus (/dev/input/event13)
[    16.603] (**) Video Bus: Applying InputClass "libinput keyboard catchall"
[    16.603] (II) Using input driver 'libinput' for 'Video Bus'
[    16.604] (II) systemd-logind: got fd for /dev/input/event13 13:77 fd 23 paused 0
[    16.604] (**) Video Bus: always reports core events
[    16.604] (**) Option "Device" "/dev/input/event13"
[    16.604] (**) Option "_source" "server/udev"
[    16.604] (II) event13 - Video Bus: is tagged by udev as: Keyboard
[    16.604] (II) event13 - Video Bus: device is a keyboard
[    16.604] (II) event13 - Video Bus: device removed
[    16.604] (**) Option "config_info" "udev:/sys/devices/LNXSYSTM:00/LNXSYBUS:00/PNP0A08:00/device:0a/LNXVIDEO:01/input/input19/event13"
[    16.604] (II) XINPUT: Adding extended input device "Video Bus" (type: KEYBOARD, id 8)
[    16.605] (II) event13 - Video Bus: is tagged by udev as: Keyboard
[    16.605] (II) event13 - Video Bus: device is a keyboard
[    16.605] (II) config/udev: Adding input device Power Button (/dev/input/event1)
[    16.605] (**) Power Button: Applying InputClass "libinput keyboard catchall"
[    16.605] (II) Using input driver 'libinput' for 'Power Button'
[    16.606] (II) systemd-logind: got fd for /dev/input/event1 13:65 fd 24 paused 0
[    16.606] (**) Power Button: always reports core events
[    16.606] (**) Option "Device" "/dev/input/event1"
[    16.606] (**) Option "_source" "server/udev"
[    16.606] (II) event1  - Power Button: is tagged by udev as: Keyboard
[    16.606] (II) event1  - Power Button: device is a keyboard
[    16.606] (II) event1  - Power Button: device removed
[    16.606] (**) Option "config_info" "udev:/sys/devices/LNXSYSTM:00/LNXSYBUS:00/PNP0C0C:00/input/input1/event1"
[    16.606] (II) XINPUT: Adding extended input device "Power Button" (type: KEYBOARD, id 9)
[    16.607] (II) event1  - Power Button: is tagged by udev as: Keyboard
[    16.607] (II) event1  - Power Button: device is a keyboard
[    16.607] (II) config/udev: Adding input device Lid Switch (/dev/input/event0)
[    16.607] (II) No input driver specified, ignoring this device.
[    16.607] (II) This device may have been added with another device file.
[    16.607] (II) config/udev: Adding input device Sleep Button (/dev/input/event2)
[    16.607] (**) Sleep Button: Applying InputClass "libinput keyboard catchall"
[    16.607] (II) Using input driver 'libinput' for 'Sleep Button'
[    16.608] (II) systemd-logind: got fd for /dev/input/event2 13:66 fd 25 paused 0
[    16.608] (**) Sleep Button: always reports core events
[    16.608] (**) Option "Device" "/dev/input/event2"
[    16.608] (**) Option "_source" "server/udev"
[    16.608] (II) event2  - Sleep Button: is tagged by udev as: Keyboard
[    16.608] (II) event2  - Sleep Button: device is a keyboard
[    16.608] (II) event2  - Sleep Button: device removed
[    16.608] (**) Option "config_info" "udev:/sys/devices/LNXSYSTM:00/LNXSYBUS:00/PNP0C0E:00/input/input2/event2"
[    16.608] (II) XINPUT: Adding extended input device "Sleep Button" (type: KEYBOARD, id 10)
[    16.609] (II) event2  - Sleep Button: is tagged by udev as: Keyboard
[    16.609] (II) event2  - Sleep Button: device is a keyboard
[    16.609] (II) config/udev: Adding input device Integrated_Webcam_HD: Integrate (/dev/input/event11)
[    16.609] (**) Integrated_Webcam_HD: Integrate: Applying InputClass "libinput keyboard catchall"
[    16.609] (II) Using input driver 'libinput' for 'Integrated_Webcam_HD: Integrate'
[    16.610] (II) systemd-logind: got fd for /dev/input/event11 13:75 fd 26 paused 0
[    16.610] (**) Integrated_Webcam_HD: Integrate: always reports core events
[    16.610] (**) Option "Device" "/dev/input/event11"
[    16.610] (**) Option "_source" "server/udev"
[    16.611] (II) event11 - Integrated_Webcam_HD: Integrate: is tagged by udev as: Keyboard
[    16.611] (II) event11 - Integrated_Webcam_HD: Integrate: device is a keyboard
[    16.611] (II) event11 - Integrated_Webcam_HD: Integrate: device removed
[    16.611] (**) Option "config_info" "udev:/sys/devices/pci0000:00/0000:00:14.0/usb1/1-12/1-12:1.0/input/input17/event11"
[    16.611] (II) XINPUT: Adding extended input device "Integrated_Webcam_HD: Integrate" (type: KEYBOARD, id 11)
[    16.611] (II) event11 - Integrated_Webcam_HD: Integrate: is tagged by udev as: Keyboard
[    16.611] (II) event11 - Integrated_Webcam_HD: Integrate: device is a keyboard
[    16.612] (II) config/udev: Adding input device DLL07BE:01 06CB:7A13 Mouse (/dev/input/event9)
[    16.612] (**) DLL07BE:01 06CB:7A13 Mouse: Applying InputClass "libinput pointer catchall"
[    16.612] (II) Using input driver 'libinput' for 'DLL07BE:01 06CB:7A13 Mouse'
[    16.612] (II) systemd-logind: got fd for /dev/input/event9 13:73 fd 27 paused 0
[    16.612] (**) DLL07BE:01 06CB:7A13 Mouse: always reports core events
[    16.612] (**) Option "Device" "/dev/input/event9"
[    16.612] (**) Option "_source" "server/udev"
[    16.613] (II) event9  - DLL07BE:01 06CB:7A13 Mouse: is tagged by udev as: Mouse
[    16.613] (II) event9  - DLL07BE:01 06CB:7A13 Mouse: device is a pointer
[    16.613] (II) event9  - DLL07BE:01 06CB:7A13 Mouse: device removed
[    16.613] (**) Option "config_info" "udev:/sys/devices/pci0000:00/0000:00:15.1/i2c_designware.1/i2c-2/i2c-DLL07BE:01/0018:06CB:7A13.0001/input/input14/event9"
[    16.613] (II) XINPUT: Adding extended input device "DLL07BE:01 06CB:7A13 Mouse" (type: MOUSE, id 12)
[    16.613] (**) Option "AccelerationScheme" "none"
[    16.613] (**) DLL07BE:01 06CB:7A13 Mouse: (accel) selected scheme none/0
[    16.613] (**) DLL07BE:01 06CB:7A13 Mouse: (accel) acceleration factor: 2.000
[    16.613] (**) DLL07BE:01 06CB:7A13 Mouse: (accel) acceleration threshold: 4
[    16.614] (II) event9  - DLL07BE:01 06CB:7A13 Mouse: is tagged by udev as: Mouse
[    16.614] (II) event9  - DLL07BE:01 06CB:7A13 Mouse: device is a pointer
[    16.614] (II) config/udev: Adding input device DLL07BE:01 06CB:7A13 Mouse (/dev/input/mouse0)
[    16.614] (II) No input driver specified, ignoring this device.
[    16.614] (II) This device may have been added with another device file.
[    16.614] (II) config/udev: Adding input device DLL07BE:01 06CB:7A13 Touchpad (/dev/input/event10)
[    16.614] (**) DLL07BE:01 06CB:7A13 Touchpad: Applying InputClass "libinput touchpad catchall"
[    16.614] (**) DLL07BE:01 06CB:7A13 Touchpad: Applying InputClass "13"
[    16.614] (II) Using input driver 'libinput' for 'DLL07BE:01 06CB:7A13 Touchpad'
[    16.615] (II) systemd-logind: got fd for /dev/input/event10 13:74 fd 28 paused 0
[    16.615] (**) DLL07BE:01 06CB:7A13 Touchpad: always reports core events
[    16.615] (**) Option "Device" "/dev/input/event10"
[    16.615] (**) Option "_source" "server/udev"
[    16.615] (II) event10 - DLL07BE:01 06CB:7A13 Touchpad: is tagged by udev as: Touchpad
[    16.616] (II) event10 - DLL07BE:01 06CB:7A13 Touchpad: device is a touchpad
[    16.616] (II) event10 - DLL07BE:01 06CB:7A13 Touchpad: device removed
[    16.616] (**) Option "Tapping" "true"
[    16.616] (**) Option "AccelSpeed" "0.7"
[    16.616] (**) Option "NaturalScrolling" "true"
[    16.616] (**) Option "config_info" "udev:/sys/devices/pci0000:00/0000:00:15.1/i2c_designware.1/i2c-2/i2c-DLL07BE:01/0018:06CB:7A13.0001/input/input15/event10"
[    16.616] (II) XINPUT: Adding extended input device "DLL07BE:01 06CB:7A13 Touchpad" (type: TOUCHPAD, id 13)
[    16.617] (**) Option "AccelerationScheme" "none"
[    16.617] (**) DLL07BE:01 06CB:7A13 Touchpad: (accel) selected scheme none/0
[    16.617] (**) DLL07BE:01 06CB:7A13 Touchpad: (accel) acceleration factor: 2.000
[    16.617] (**) DLL07BE:01 06CB:7A13 Touchpad: (accel) acceleration threshold: 4
[    16.617] (II) event10 - DLL07BE:01 06CB:7A13 Touchpad: is tagged by udev as: Touchpad
[    16.618] (II) event10 - DLL07BE:01 06CB:7A13 Touchpad: device is a touchpad
[    16.618] (II) config/udev: Adding input device DLL07BE:01 06CB:7A13 Touchpad (/dev/input/mouse1)
[    16.618] (**) DLL07BE:01 06CB:7A13 Touchpad: Applying InputClass "13"
[    16.618] (II) Using input driver 'libinput' for 'DLL07BE:01 06CB:7A13 Touchpad'
[    16.618] (**) DLL07BE:01 06CB:7A13 Touchpad: always reports core events
[    16.618] (**) Option "Device" "/dev/input/mouse1"
[    16.618] (**) Option "_source" "server/udev"
[    16.618] (EE) xf86OpenSerial: Cannot open device /dev/input/mouse1
	Permission denied.
[    16.618] (II) mouse1: opening input device '/dev/input/mouse1' failed (Permission denied).
[    16.618] (II) mouse1  - failed to create input device '/dev/input/mouse1'.
[    16.618] (EE) libinput: DLL07BE:01 06CB:7A13 Touchpad: Failed to create a device for /dev/input/mouse1
[    16.618] (EE) PreInit returned 2 for "DLL07BE:01 06CB:7A13 Touchpad"
[    16.618] (II) UnloadModule: "libinput"
[    16.618] (II) config/udev: Adding input device HDA Intel PCH Headphone Mic (/dev/input/event14)
[    16.618] (II) No input driver specified, ignoring this device.
[    16.618] (II) This device may have been added with another device file.
[    16.618] (II) config/udev: Adding input device HDA Intel PCH HDMI/DP,pcm=3 (/dev/input/event15)
[    16.618] (II) No input driver specified, ignoring this device.
[    16.618] (II) This device may have been added with another device file.
[    16.618] (II) config/udev: Adding input device HDA Intel PCH HDMI/DP,pcm=7 (/dev/input/event16)
[    16.618] (II) No input driver specified, ignoring this device.
[    16.618] (II) This device may have been added with another device file.
[    16.619] (II) config/udev: Adding input device HDA Intel PCH HDMI/DP,pcm=8 (/dev/input/event17)
[    16.619] (II) No input driver specified, ignoring this device.
[    16.619] (II) This device may have been added with another device file.
[    16.619] (II) config/udev: Adding input device HDA Intel PCH HDMI/DP,pcm=9 (/dev/input/event18)
[    16.619] (II) No input driver specified, ignoring this device.
[    16.619] (II) This device may have been added with another device file.
[    16.619] (II) config/udev: Adding input device HDA Intel PCH HDMI/DP,pcm=10 (/dev/input/event19)
[    16.619] (II) No input driver specified, ignoring this device.
[    16.619] (II) This device may have been added with another device file.
[    16.619] (II) config/udev: Adding input device Intel HID events (/dev/input/event5)
[    16.619] (**) Intel HID events: Applying InputClass "libinput keyboard catchall"
[    16.619] (II) Using input driver 'libinput' for 'Intel HID events'
[    16.620] (II) systemd-logind: got fd for /dev/input/event5 13:69 fd 29 paused 0
[    16.620] (**) Intel HID events: always reports core events
[    16.620] (**) Option "Device" "/dev/input/event5"
[    16.620] (**) Option "_source" "server/udev"
[    16.620] (II) event5  - Intel HID events: is tagged by udev as: Keyboard
[    16.620] (II) event5  - Intel HID events: device is a keyboard
[    16.620] (II) event5  - Intel HID events: device removed
[    16.620] (**) Option "config_info" "udev:/sys/devices/platform/INT33D5:00/input/input6/event5"
[    16.620] (II) XINPUT: Adding extended input device "Intel HID events" (type: KEYBOARD, id 14)
[    16.621] (II) event5  - Intel HID events: is tagged by udev as: Keyboard
[    16.621] (II) event5  - Intel HID events: device is a keyboard
[    16.621] (II) config/udev: Adding input device Intel HID 5 button array (/dev/input/event6)
[    16.621] (**) Intel HID 5 button array: Applying InputClass "libinput keyboard catchall"
[    16.621] (II) Using input driver 'libinput' for 'Intel HID 5 button array'
[    16.621] (II) systemd-logind: got fd for /dev/input/event6 13:70 fd 30 paused 0
[    16.621] (**) Intel HID 5 button array: always reports core events
[    16.621] (**) Option "Device" "/dev/input/event6"
[    16.621] (**) Option "_source" "server/udev"
[    16.622] (II) event6  - Intel HID 5 button array: is tagged by udev as: Keyboard
[    16.622] (II) event6  - Intel HID 5 button array: device is a keyboard
[    16.622] (II) event6  - Intel HID 5 button array: device removed
[    16.622] (**) Option "config_info" "udev:/sys/devices/platform/INT33D5:00/input/input7/event6"
[    16.622] (II) XINPUT: Adding extended input device "Intel HID 5 button array" (type: KEYBOARD, id 15)
[    16.623] (II) event6  - Intel HID 5 button array: is tagged by udev as: Keyboard
[    16.623] (II) event6  - Intel HID 5 button array: device is a keyboard
[    16.623] (II) config/udev: Adding input device Dell WMI hotkeys (/dev/input/event8)
[    16.623] (**) Dell WMI hotkeys: Applying InputClass "libinput keyboard catchall"
[    16.623] (II) Using input driver 'libinput' for 'Dell WMI hotkeys'
[    16.623] (II) systemd-logind: got fd for /dev/input/event8 13:72 fd 31 paused 0
[    16.623] (**) Dell WMI hotkeys: always reports core events
[    16.623] (**) Option "Device" "/dev/input/event8"
[    16.623] (**) Option "_source" "server/udev"
[    16.624] (II) event8  - Dell WMI hotkeys: is tagged by udev as: Keyboard
[    16.624] (II) event8  - Dell WMI hotkeys: device is a keyboard
[    16.624] (II) event8  - Dell WMI hotkeys: device removed
[    16.624] (**) Option "config_info" "udev:/sys/devices/platform/PNP0C14:03/wmi_bus/wmi_bus-PNP0C14:03/9DBB5994-A997-11DA-B012-B622A1EF5492/input/input10/event8"
[    16.624] (II) XINPUT: Adding extended input device "Dell WMI hotkeys" (type: KEYBOARD, id 16)
[    16.625] (II) event8  - Dell WMI hotkeys: is tagged by udev as: Keyboard
[    16.625] (II) event8  - Dell WMI hotkeys: device is a keyboard
[    16.625] (II) config/udev: Adding input device AT Translated Set 2 keyboard (/dev/input/event4)
[    16.625] (**) AT Translated Set 2 keyboard: Applying InputClass "libinput keyboard catchall"
[    16.625] (II) Using input driver 'libinput' for 'AT Translated Set 2 keyboard'
[    16.625] (II) systemd-logind: got fd for /dev/input/event4 13:68 fd 32 paused 0
[    16.625] (**) AT Translated Set 2 keyboard: always reports core events
[    16.625] (**) Option "Device" "/dev/input/event4"
[    16.625] (**) Option "_source" "server/udev"
[    16.626] (II) event4  - AT Translated Set 2 keyboard: is tagged by udev as: Keyboard
[    16.626] (II) event4  - AT Translated Set 2 keyboard: device is a keyboard
[    16.626] (II) event4  - AT Translated Set 2 keyboard: device removed
[    16.626] (**) Option "config_info" "udev:/sys/devices/platform/i8042/serio0/input/input4/event4"
[    16.626] (II) XINPUT: Adding extended input device "AT Translated Set 2 keyboard" (type: KEYBOARD, id 17)
[    16.627] (II) event4  - AT Translated Set 2 keyboard: is tagged by udev as: Keyboard
[    16.627] (II) event4  - AT Translated Set 2 keyboard: device is a keyboard
[    16.628] (II) config/udev: Adding input device PS/2 Synaptics TouchPad (/dev/input/event20)
[    16.628] (**) PS/2 Synaptics TouchPad: Applying InputClass "libinput pointer catchall"
[    16.628] (II) Using input driver 'libinput' for 'PS/2 Synaptics TouchPad'
[    16.628] (II) systemd-logind: got fd for /dev/input/event20 13:84 fd 33 paused 0
[    16.628] (**) PS/2 Synaptics TouchPad: always reports core events
[    16.628] (**) Option "Device" "/dev/input/event20"
[    16.628] (**) Option "_source" "server/udev"
[    16.629] (II) event20 - PS/2 Synaptics TouchPad: is tagged by udev as: Mouse
[    16.629] (II) event20 - PS/2 Synaptics TouchPad: device is a pointer
[    16.629] (II) event20 - PS/2 Synaptics TouchPad: device removed
[    16.629] (**) Option "config_info" "udev:/sys/devices/platform/i8042/serio1/input/input9/event20"
[    16.629] (II) XINPUT: Adding extended input device "PS/2 Synaptics TouchPad" (type: MOUSE, id 18)
[    16.629] (**) Option "AccelerationScheme" "none"
[    16.629] (**) PS/2 Synaptics TouchPad: (accel) selected scheme none/0
[    16.629] (**) PS/2 Synaptics TouchPad: (accel) acceleration factor: 2.000
[    16.629] (**) PS/2 Synaptics TouchPad: (accel) acceleration threshold: 4
[    16.629] (II) event20 - PS/2 Synaptics TouchPad: is tagged by udev as: Mouse
[    16.630] (II) event20 - PS/2 Synaptics TouchPad: device is a pointer
[    16.630] (II) config/udev: Adding input device PS/2 Synaptics TouchPad (/dev/input/mouse2)
[    16.630] (II) No input driver specified, ignoring this device.
[    16.630] (II) This device may have been added with another device file.
[    16.630] (II) config/udev: Adding input device PC Speaker (/dev/input/event7)
[    16.630] (II) No input driver specified, ignoring this device.
[    16.630] (II) This device may have been added with another device file.
[   168.371] (II) modeset(0): EDID vendor "SHP", prod id 5238
[   168.371] (II) modeset(0): Printing DDC gathered Modelines:
[   168.371] (II) modeset(0): Modeline "3840x2160"x0.0  533.25  3840 3888 3920 4000  2160 2163 2168 2222 -hsync -vsync (133.3 kHz eP)
[   179.512] (II) modeset(0): EDID vendor "SHP", prod id 5238
[   179.512] (II) modeset(0): Printing DDC gathered Modelines:
[   179.512] (II) modeset(0): Modeline "3840x2160"x0.0  533.25  3840 3888 3920 4000  2160 2163 2168 2222 -hsync -vsync (133.3 kHz eP)
[  4451.849] (II) modeset(0): EDID vendor "SHP", prod id 5238
[  4451.849] (II) modeset(0): Printing DDC gathered Modelines:
[  4451.849] (II) modeset(0): Modeline "3840x2160"x0.0  533.25  3840 3888 3920 4000  2160 2163 2168 2222 -hsync -vsync (133.3 kHz eP)
[  4474.003] (II) modeset(0): EDID vendor "SHP", prod id 5238
[  4474.003] (II) modeset(0): Printing DDC gathered Modelines:
[  4474.003] (II) modeset(0): Modeline "3840x2160"x0.0  533.25  3840 3888 3920 4000  2160 2163 2168 2222 -hsync -vsync (133.3 kHz eP)
[  8215.898] (II) modeset(0): EDID vendor "SHP", prod id 5238
[  8215.898] (II) modeset(0): Printing DDC gathered Modelines:
[  8215.898] (II) modeset(0): Modeline "3840x2160"x0.0  533.25  3840 3888 3920 4000  2160 2163 2168 2222 -hsync -vsync (133.3 kHz eP)
[  8216.232] (--) modeset(0): HDMI max TMDS frequency 225000KHz
[  8268.507] (II) modeset(0): Allocate new frame buffer 5760x2160 stride
